Unity Editor version:    2020.3.27f1 (e759542391ea)
Branch:                  2020.3/release
Build type:              Release
Batch mode:              YES
macOS version:           Version 11.6.7 (Build 20G630)
Darwin version:          20.6.0
Architecture:            x86_64
Running under Rosetta:   NO
Available memory:        16384 MB
Using pre-set license
Pro License: NO

COMMAND LINE ARGUMENTS:
/Users/game1/Downloads/2020.3.27f1/Unity.app/Contents/MacOS/Unity
-adb2
-batchMode
-noUpm
-name
AssetImportWorker0
-projectPath
/private/var/folders/zx/fb1d816j5ld8x7vpc594mr5h0000gt/T/a57440a2afc8d4298951d44a631ffc54
-logFile
Logs/AssetImportWorker0.log
-srvPort
60400
Successfully changed project path to: /private/var/folders/zx/fb1d816j5ld8x7vpc594mr5h0000gt/T/a57440a2afc8d4298951d44a631ffc54
/private/var/folders/zx/fb1d816j5ld8x7vpc594mr5h0000gt/T/a57440a2afc8d4298951d44a631ffc54
Using Asset Import Pipeline V2.
Refreshing native plugins compatible for Editor in 41.86 ms, found 2 plugins.
Preloading 0 native plugins for Editor in 0.00 ms.
Initialize engine version: 2020.3.27f1 (e759542391ea)
[Subsystems] Discovering subsystems at path /Users/game1/Downloads/2020.3.27f1/Unity.app/Contents/Resources/UnitySubsystems
[Subsystems] Discovering subsystems at path /private/var/folders/zx/fb1d816j5ld8x7vpc594mr5h0000gt/T/a57440a2afc8d4298951d44a631ffc54/Assets
GfxDevice: creating device client; threaded=0
2022-10-11 08:54:03.813 Unity[23330:2237604] iMac preferred device: AMD Radeon Pro 5500 XT (high power)
2022-10-11 08:54:03.813 Unity[23330:2237604] Metal devices available: 1
2022-10-11 08:54:03.813 Unity[23330:2237604] 0: AMD Radeon Pro 5500 XT (high power)
2022-10-11 08:54:03.813 Unity[23330:2237604] Using device AMD Radeon Pro 5500 XT (high power)
Initializing Metal device caps: AMD Radeon Pro 5500 XT
Initialize mono
Mono path[0] = '/Users/game1/Downloads/2020.3.27f1/Unity.app/Contents/Managed'
Mono path[1] = '/Users/game1/Downloads/2020.3.27f1/Unity.app/Contents/MonoBleedingEdge/lib/mono/unityjit'
Mono config path = '/Users/game1/Downloads/2020.3.27f1/Unity.app/Contents/MonoBleedingEdge/etc'
Using monoOptions --debugger-agent=transport=dt_socket,embedding=1,server=y,suspend=n,address=127.0.0.1:56330
Begin MonoManager ReloadAssembly
Registering precompiled unity dll's ...
Register platform support module: /Users/game1/Downloads/2020.3.27f1/Unity.app/Contents/PlaybackEngines/MacStandaloneSupport/UnityEditor.OSXStandalone.Extensions.dll
Registered in 0.000464 seconds.
Native extension for OSXStandalone target not found
Refreshing native plugins compatible for Editor in 37.78 ms, found 2 plugins.
Preloading 0 native plugins for Editor in 0.00 ms.
Mono: successfully reloaded assembly
- Completed reload, in  0.593 seconds
Domain Reload Profiling:
	ReloadAssembly (593ms)
		BeginReloadAssembly (76ms)
			ExecutionOrderSort (0ms)
			DisableScriptedObjects (0ms)
			BackupInstance (0ms)
			ReleaseScriptingObjects (0ms)
			CreateAndSetChildDomain (1ms)
		EndReloadAssembly (450ms)
			LoadAssemblies (75ms)
			RebuildTransferFunctionScriptingTraits (0ms)
			SetupTypeCache (182ms)
			ReleaseScriptCaches (0ms)
			RebuildScriptCaches (32ms)
			SetupLoadedEditorAssemblies (162ms)
				LogAssemblyErrors (0ms)
				InitializePlatformSupportModulesInManaged (4ms)
				SetLoadedEditorAssemblies (0ms)
				RefreshPlugins (38ms)
				BeforeProcessingInitializeOnLoad (6ms)
				ProcessInitializeOnLoadAttributes (88ms)
				ProcessInitializeOnLoadMethodAttributes (27ms)
				AfterProcessingInitializeOnLoad (0ms)
				EditorAssembliesLoaded (0ms)
			ExecutionOrderSort2 (0ms)
			AwakeInstancesAfterBackupRestoration (0ms)
Platform modules already initialized, skipping
Registering precompiled user dll's ...
Registered in 0.007704 seconds.
Begin MonoManager ReloadAssembly
Native extension for OSXStandalone target not found
Refreshing native plugins compatible for Editor in 0.47 ms, found 2 plugins.
Preloading 0 native plugins for Editor in 0.00 ms.
Mono: successfully reloaded assembly
- Completed reload, in  0.974 seconds
Domain Reload Profiling:
	ReloadAssembly (975ms)
		BeginReloadAssembly (131ms)
			ExecutionOrderSort (0ms)
			DisableScriptedObjects (4ms)
			BackupInstance (0ms)
			ReleaseScriptingObjects (0ms)
			CreateAndSetChildDomain (25ms)
		EndReloadAssembly (788ms)
			LoadAssemblies (86ms)
			RebuildTransferFunctionScriptingTraits (0ms)
			SetupTypeCache (294ms)
			ReleaseScriptCaches (0ms)
			RebuildScriptCaches (49ms)
			SetupLoadedEditorAssemblies (266ms)
				LogAssemblyErrors (0ms)
				InitializePlatformSupportModulesInManaged (4ms)
				SetLoadedEditorAssemblies (0ms)
				RefreshPlugins (0ms)
				BeforeProcessingInitializeOnLoad (47ms)
				ProcessInitializeOnLoadAttributes (197ms)
				ProcessInitializeOnLoadMethodAttributes (16ms)
				AfterProcessingInitializeOnLoad (1ms)
				EditorAssembliesLoaded (0ms)
			ExecutionOrderSort2 (0ms)
			AwakeInstancesAfterBackupRestoration (6ms)
Platform modules already initialized, skipping
Validating Project structure ... 0.003008 seconds.
Shader import version has changed; will reimport all shaders...
Upgrading shader files ...0.004702 seconds.
Application.AssetDatabase Initial Script Refresh Start
RefreshInfo: InitialScriptRefreshV2(NoUpdateAssetOptions) scanfilter:  ... 1 filters
RefreshProfiler: Total: 0.000ms
Application.AssetDatabase Initial Script Refresh End
Application.AssetDatabase.Refresh Start
Application.AssetDatabase.Refresh End
RefreshInfo: StopAssetImportingV2(ForceSynchronousImport) scanfilter: 
RefreshProfiler: Total: 0.000ms
Launching external process: /Users/game1/Downloads/2020.3.27f1/Unity.app/Contents/Tools/UnityShaderCompiler
Launched and connected shader compiler UnityShaderCompiler after 0.01 seconds
Initializing Unity extensions:
========================================================================
Worker process is ready to serve import requests
Refreshing native plugins compatible for Editor in 0.44 ms, found 2 plugins.
Preloading 0 native plugins for Editor in 0.00 ms.
Unloading 2025 Unused Serialized files (Serialized files now loaded: 0)
System memory in use before: 209.3 MB.
System memory in use after: 207.1 MB.

Unloading 171 unused Assets to reduce memory usage. Loaded Objects now: 2470.
Total: 2.841387 ms (FindLiveObjects: 0.151438 ms CreateObjectMapping: 0.068652 ms MarkObjects: 2.035862 ms  DeleteObjects: 0.584942 ms)

AssetImportParameters requested are different than current active one (requested -> active):
  custom:video-decoder-ogg-theora: a1e56fd34408186e4bbccfd4996cb3dc -> 
  custom:container-muxer-webm: aa71ff27fc2769a1b78a27578f13a17b -> 
  custom:container-demuxer-webm: 4f35f7cbe854078d1ac9338744f61a02 -> 
  custom:container-demuxer-ogg: 62fdf1f143b41e24485cea50d1cbac27 -> 
  custom:video-encoder-webm-vp8: eb34c28f22e8b96e1ab97ce403110664 -> 
  custom:framework-osx-AVFoundation: e770b220cccbd017edd2c1fefb359320 -> 
  custom:video-decoder-webm-vp8: 9c59270c3fd7afecdb556c50c9e8de78 -> 
  custom:audio-decoder-ogg-vorbis: bf7c407c2cedff20999df2af8eb42d56 -> 
  custom:audio-encoder-webm-vorbis: bf7c407c2cedff20999df2af8eb42d56 -> 
========================================================================
Received Import Request.
  path: Assets/Readme.asset
  artifactKey: Guid(5aa8565dc31eb3f4a97f05eb11fe8445) Importer(815301076,1909f56bfc062723c751e8b465ee728b)
Start importing Assets/Readme.asset using Guid(5aa8565dc31eb3f4a97f05eb11fe8445) Importer(815301076,1909f56bfc062723c751e8b465ee728b)  -> (artifact id: '78ee8df90693d827b51bc5f66f689e87') in 0.587701 seconds 
  Import took 0.592497 seconds .

========================================================================
Received Import Request.
  Time since last request: 180.939647 seconds.
  path: Assets/Models/Diningroom/Chair_01.FBX
  artifactKey: Guid(636ef07689e5cb94db6f568e6cb15df1) Importer(815301076,1909f56bfc062723c751e8b465ee728b)
Start importing Assets/Models/Diningroom/Chair_01.FBX using Guid(636ef07689e5cb94db6f568e6cb15df1) Importer(815301076,1909f56bfc062723c751e8b465ee728b)  -> (artifact id: '9fb99d0f9eb53307f87e5104c5c086b5') in 1.167566 seconds 
  Import took 1.172299 seconds .

========================================================================
Received Import Request.
  Time since last request: 0.000150 seconds.
  path: Assets/Textures/BedRoom/Wall_Bedroom_Normal.tif
  artifactKey: Guid(bffa1362c76c6124fa3804d5176eef0d) Importer(815301076,1909f56bfc062723c751e8b465ee728b)
Start importing Assets/Textures/BedRoom/Wall_Bedroom_Normal.tif using Guid(bffa1362c76c6124fa3804d5176eef0d) Importer(815301076,1909f56bfc062723c751e8b465ee728b)  -> (artifact id: '01003ea3dca7d39557a3cf3c7293ca46') in 0.725061 seconds 
  Import took 0.731004 seconds .

========================================================================
Received Import Request.
  Time since last request: 0.000206 seconds.
  path: Assets/Materials/VFX/WaterDropSmall.mat
  artifactKey: Guid(c4d4365c3eeb8a54183f5af15699021d) Importer(815301076,1909f56bfc062723c751e8b465ee728b)
Start importing Assets/Materials/VFX/WaterDropSmall.mat using Guid(c4d4365c3eeb8a54183f5af15699021d) Importer(815301076,1909f56bfc062723c751e8b465ee728b)  -> (artifact id: '243a7f5e010d5df3b571d048a7211b62') in 1.644191 seconds 
  Import took 1.649558 seconds .

========================================================================
Received Import Request.
  Time since last request: 0.000222 seconds.
  path: Assets/Models/Corridor/PictureFrame_Wolf.FBX
  artifactKey: Guid(16359bd0c00e50e4580e93430782bac3) Importer(815301076,1909f56bfc062723c751e8b465ee728b)
Start importing Assets/Models/Corridor/PictureFrame_Wolf.FBX using Guid(16359bd0c00e50e4580e93430782bac3) Importer(815301076,1909f56bfc062723c751e8b465ee728b)  -> (artifact id: '8b9e1e0a45208668f4760c6292239ac3') in 0.019443 seconds 
  Import took 0.022054 seconds .

========================================================================
Received Import Request.
  Time since last request: 0.000150 seconds.
  path: Assets/Prefabs/Environment/Corridors/Wall_Straight_01.prefab
  artifactKey: Guid(f0813250bbbbb424388bcfd29b014cb7) Importer(815301076,1909f56bfc062723c751e8b465ee728b)
Start importing Assets/Prefabs/Environment/Corridors/Wall_Straight_01.prefab using Guid(f0813250bbbbb424388bcfd29b014cb7) Importer(815301076,1909f56bfc062723c751e8b465ee728b)  -> (artifact id: '7b388ff704abbfb57e956a2dccedac39') in 0.133471 seconds 
  Import took 0.137762 seconds .

========================================================================
Received Import Request.
  Time since last request: 0.000147 seconds.
  path: Assets/Materials/BedRoom/Wardrobe.mat
  artifactKey: Guid(9e2335d028e7ab645970536c61cf4aac) Importer(815301076,1909f56bfc062723c751e8b465ee728b)
Start importing Assets/Materials/BedRoom/Wardrobe.mat using Guid(9e2335d028e7ab645970536c61cf4aac) Importer(815301076,1909f56bfc062723c751e8b465ee728b)  -> (artifact id: 'bb64d0196b5c7aac1f6393877a94a3cd') in 0.043255 seconds 
  Import took 0.045621 seconds .

========================================================================
Received Import Request.
  Time since last request: 0.000184 seconds.
  path: Assets/Materials/DiningRoom/Wall_Diningroom.mat
  artifactKey: Guid(af5618451dbad9c4a913f502e5c7df1e) Importer(815301076,1909f56bfc062723c751e8b465ee728b)
Start importing Assets/Materials/DiningRoom/Wall_Diningroom.mat using Guid(af5618451dbad9c4a913f502e5c7df1e) Importer(815301076,1909f56bfc062723c751e8b465ee728b)  -> (artifact id: 'cdfc52a501c0f6c9b89b5f41e58687cf') in 0.014540 seconds 
  Import took 0.016849 seconds .

========================================================================
Received Import Request.
  Time since last request: 0.000136 seconds.
  path: Assets/Models/Corridor/Wall_Window_02.fbx
  artifactKey: Guid(5d88d553abd2ff741bbd24e9fb2ff861) Importer(815301076,1909f56bfc062723c751e8b465ee728b)
Start importing Assets/Models/Corridor/Wall_Window_02.fbx using Guid(5d88d553abd2ff741bbd24e9fb2ff861) Importer(815301076,1909f56bfc062723c751e8b465ee728b)  -> (artifact id: '69415b100b609b0ea86948a635b1bf8d') in 0.144303 seconds 
  Import took 0.148807 seconds .

========================================================================
Received Import Request.
  Time since last request: 0.000149 seconds.
  path: Assets/Models/Corridor/Wall_Windows_Straight.fbx
  artifactKey: Guid(1a07ed1dbd440384c89497a167bde353) Importer(815301076,1909f56bfc062723c751e8b465ee728b)
Start importing Assets/Models/Corridor/Wall_Windows_Straight.fbx using Guid(1a07ed1dbd440384c89497a167bde353) Importer(815301076,1909f56bfc062723c751e8b465ee728b)  -> (artifact id: '111c69183a0a134b3ba975d305598d00') in 0.023620 seconds 
  Import took 0.026063 seconds .

========================================================================
Received Import Request.
  Time since last request: 0.000145 seconds.
  path: Assets/Prefabs/Environment/Corridors/Wall_Corner_Exterior_In.prefab
  artifactKey: Guid(5bb95bbe94bc3eb4897d4218ec092132) Importer(815301076,1909f56bfc062723c751e8b465ee728b)
Start importing Assets/Prefabs/Environment/Corridors/Wall_Corner_Exterior_In.prefab using Guid(5bb95bbe94bc3eb4897d4218ec092132) Importer(815301076,1909f56bfc062723c751e8b465ee728b)  -> (artifact id: '6e348b2cbbec58f2dbc5deb15bee8bd0') in 0.013387 seconds 
  Import took 0.015812 seconds .

========================================================================
Received Import Request.
  Time since last request: 0.000146 seconds.
  path: Assets/Textures/DiningRoom/Wall_DiningRoom_Albedo.tif
  artifactKey: Guid(039d0ebbd0d67b24ab08bcf5d4c80fd3) Importer(815301076,1909f56bfc062723c751e8b465ee728b)
Start importing Assets/Textures/DiningRoom/Wall_DiningRoom_Albedo.tif using Guid(039d0ebbd0d67b24ab08bcf5d4c80fd3) Importer(815301076,1909f56bfc062723c751e8b465ee728b)  -> (artifact id: '0f917af7f4c471b5e93b7f6f2bf25528') in 0.014490 seconds 
  Import took 0.016910 seconds .

========================================================================
Received Import Request.
  Time since last request: 0.000145 seconds.
  path: Assets/Textures/Corridor/Window_MetallicSmooth.tif
  artifactKey: Guid(b665bff822259f14285dff49ef07464c) Importer(815301076,1909f56bfc062723c751e8b465ee728b)
Start importing Assets/Textures/Corridor/Window_MetallicSmooth.tif using Guid(b665bff822259f14285dff49ef07464c) Importer(815301076,1909f56bfc062723c751e8b465ee728b)  -> (artifact id: 'c2de9359bde1da05b08762c717f80289') in 0.007024 seconds 
  Import took 0.009382 seconds .

========================================================================
Received Import Request.
  Time since last request: 0.000138 seconds.
  path: Assets/Textures/Corridor/Wall_Corridor_Occlusion.tif
  artifactKey: Guid(138b3f1830bb96746943e36fc9e19f6a) Importer(815301076,1909f56bfc062723c751e8b465ee728b)
Start importing Assets/Textures/Corridor/Wall_Corridor_Occlusion.tif using Guid(138b3f1830bb96746943e36fc9e19f6a) Importer(815301076,1909f56bfc062723c751e8b465ee728b)  -> (artifact id: 'c7921f45d7bbd2e52bd8a93eabf69169') in 0.006908 seconds 
  Import took 0.009204 seconds .

========================================================================
Received Import Request.
  Time since last request: 0.000139 seconds.
  path: Assets/Textures/Corridor/Window_Albedo.tif
  artifactKey: Guid(438db02716bc99348bd5bf1f4f8fdb5c) Importer(815301076,1909f56bfc062723c751e8b465ee728b)
Start importing Assets/Textures/Corridor/Window_Albedo.tif using Guid(438db02716bc99348bd5bf1f4f8fdb5c) Importer(815301076,1909f56bfc062723c751e8b465ee728b)  -> (artifact id: '88d90a984ff986a150ebd9cedd8a8413') in 0.006731 seconds 
  Import took 0.009120 seconds .

========================================================================
Received Import Request.
  Time since last request: 0.000136 seconds.
  path: Assets/Audio/SFXWin.wav
  artifactKey: Guid(c0f716a9e9ac00c438b95158ba195a58) Importer(815301076,1909f56bfc062723c751e8b465ee728b)
Start importing Assets/Audio/SFXWin.wav using Guid(c0f716a9e9ac00c438b95158ba195a58) Importer(815301076,1909f56bfc062723c751e8b465ee728b)  -> (artifact id: '98db76eccbf1f056ec71e1d0c9953d79') in 0.796421 seconds 
  Import took 0.802219 seconds .

========================================================================
Received Import Request.
  Time since last request: 0.000170 seconds.
  path: Assets/Prefabs/Environment/Corridors/Wall_Windows_Straight.prefab
  artifactKey: Guid(66f6da02ac19ec84ab23f955e403ac32) Importer(815301076,1909f56bfc062723c751e8b465ee728b)
Start importing Assets/Prefabs/Environment/Corridors/Wall_Windows_Straight.prefab using Guid(66f6da02ac19ec84ab23f955e403ac32) Importer(815301076,1909f56bfc062723c751e8b465ee728b)  -> (artifact id: 'b78a96fe14abcc36fbd89063b5d728c5') in 0.015258 seconds 
  Import took 0.017838 seconds .

========================================================================
Received Import Request.
  Time since last request: 0.000183 seconds.
  path: Assets/Models/Corridor/Wall_Corner_Interior.fbx
  artifactKey: Guid(9da5aa368549f3e4883e3ca4b3ed05b8) Importer(815301076,1909f56bfc062723c751e8b465ee728b)
Start importing Assets/Models/Corridor/Wall_Corner_Interior.fbx using Guid(9da5aa368549f3e4883e3ca4b3ed05b8) Importer(815301076,1909f56bfc062723c751e8b465ee728b)  -> (artifact id: '5e6efc76fe4f75f97754d266459cce12') in 0.045385 seconds 
  Import took 0.047873 seconds .

========================================================================
Received Import Request.
  Time since last request: 0.000156 seconds.
  path: Assets/Models/Corridor/Light.FBX
  artifactKey: Guid(fc0082b7f28474047b0d08e22d9a0a06) Importer(815301076,1909f56bfc062723c751e8b465ee728b)
Start importing Assets/Models/Corridor/Light.FBX using Guid(fc0082b7f28474047b0d08e22d9a0a06) Importer(815301076,1909f56bfc062723c751e8b465ee728b)  -> (artifact id: 'a354923af4c258093914e357506c86c0') in 0.399468 seconds 
  Import took 0.401857 seconds .

========================================================================
Received Import Request.
  Time since last request: 0.000152 seconds.
  path: Assets/Textures/BathRoom/Wall_Bathroom_Occlusion.tif
  artifactKey: Guid(ccd8d6ec7f5c33244ab0108edf362764) Importer(815301076,1909f56bfc062723c751e8b465ee728b)
Start importing Assets/Textures/BathRoom/Wall_Bathroom_Occlusion.tif using Guid(ccd8d6ec7f5c33244ab0108edf362764) Importer(815301076,1909f56bfc062723c751e8b465ee728b)  -> (artifact id: '347bc31d9b18b130693310643ec7aa9a') in 0.006542 seconds 
  Import took 0.008849 seconds .

========================================================================
Received Import Request.
  Time since last request: 0.000156 seconds.
  path: Assets/Models/Bathroom/Mirror.fbx
  artifactKey: Guid(c0a26f31b736dae4a8f2591c0eda0980) Importer(815301076,1909f56bfc062723c751e8b465ee728b)
Start importing Assets/Models/Bathroom/Mirror.fbx using Guid(c0a26f31b736dae4a8f2591c0eda0980) Importer(815301076,1909f56bfc062723c751e8b465ee728b)  -> (artifact id: 'f8f2ae4d20ea00eb48373b4a526d16bd') in 0.335553 seconds 
  Import took 0.337930 seconds .

========================================================================
Received Import Request.
  Time since last request: 0.000197 seconds.
  path: Assets/Models/Corridor/Wall_Corner_Exterior_Out.fbx
  artifactKey: Guid(8a4dc94854ea93147b8b87b7df72a8c1) Importer(815301076,1909f56bfc062723c751e8b465ee728b)
Start importing Assets/Models/Corridor/Wall_Corner_Exterior_Out.fbx using Guid(8a4dc94854ea93147b8b87b7df72a8c1) Importer(815301076,1909f56bfc062723c751e8b465ee728b)  -> (artifact id: '4361b36b5cf02ada8608958d51a3d7f5') in 0.014024 seconds 
  Import took 0.016450 seconds .

========================================================================
Received Import Request.
  Time since last request: 0.000153 seconds.
  path: Assets/Models/Corridor/Wall_Corner_Exterior_In.fbx
  artifactKey: Guid(ce7c02c9dadf6a6469afbcc32ab786ca) Importer(815301076,1909f56bfc062723c751e8b465ee728b)
Start importing Assets/Models/Corridor/Wall_Corner_Exterior_In.fbx using Guid(ce7c02c9dadf6a6469afbcc32ab786ca) Importer(815301076,1909f56bfc062723c751e8b465ee728b)  -> (artifact id: 'b5fa974c95877a9799854a4c302886ba') in 0.011237 seconds 
  Import took 0.013588 seconds .

========================================================================
Received Import Request.
  Time since last request: 0.000139 seconds.
  path: Assets/Textures/BedRoom/Wardrobe_Occlusion.tif
  artifactKey: Guid(16e5335c3e030e54f878363f16bac234) Importer(815301076,1909f56bfc062723c751e8b465ee728b)
Start importing Assets/Textures/BedRoom/Wardrobe_Occlusion.tif using Guid(16e5335c3e030e54f878363f16bac234) Importer(815301076,1909f56bfc062723c751e8b465ee728b)  -> (artifact id: '88e7ecfc6d697147a10ea4b466fbbad9') in 0.004539 seconds 
  Import took 0.006595 seconds .

========================================================================
Received Import Request.
  Time since last request: 0.000124 seconds.
  path: Assets/Models/Corridor/Wall_Straight_Exterior_03.fbx
  artifactKey: Guid(c11d870118a768c4e9205040e2d8503b) Importer(815301076,1909f56bfc062723c751e8b465ee728b)
Start importing Assets/Models/Corridor/Wall_Straight_Exterior_03.fbx using Guid(c11d870118a768c4e9205040e2d8503b) Importer(815301076,1909f56bfc062723c751e8b465ee728b)  -> (artifact id: '2c97f295dace990c25a31e071364c6d5') in 0.017023 seconds 
  Import took 0.019369 seconds .

========================================================================
Received Import Request.
  Time since last request: 0.000140 seconds.
  path: Assets/Models/Corridor/Wall_Straight_Exterior_02.fbx
  artifactKey: Guid(6a0625cedbf7c6c4c8b9c31e537a9403) Importer(815301076,1909f56bfc062723c751e8b465ee728b)
Start importing Assets/Models/Corridor/Wall_Straight_Exterior_02.fbx using Guid(6a0625cedbf7c6c4c8b9c31e537a9403) Importer(815301076,1909f56bfc062723c751e8b465ee728b)  -> (artifact id: '55b706ef13c8c8873ad649a51ea35a1d') in 0.014746 seconds 
  Import took 0.017109 seconds .

========================================================================
Received Import Request.
  Time since last request: 0.000145 seconds.
  path: Assets/Textures/BedRoom/Wardrobe_normal.tif
  artifactKey: Guid(e7d023d97c6003548aa49f102bc86b48) Importer(815301076,1909f56bfc062723c751e8b465ee728b)
Start importing Assets/Textures/BedRoom/Wardrobe_normal.tif using Guid(e7d023d97c6003548aa49f102bc86b48) Importer(815301076,1909f56bfc062723c751e8b465ee728b)  -> (artifact id: 'ea6400ac7c0c4e405603fa249bde4867') in 0.005095 seconds 
  Import took 0.007309 seconds .

========================================================================
Received Import Request.
  Time since last request: 0.000138 seconds.
  path: Assets/Prefabs/Environment/Corridors/Wall_Straight_02.prefab
  artifactKey: Guid(c013316754088b1449bccb219da41401) Importer(815301076,1909f56bfc062723c751e8b465ee728b)
Start importing Assets/Prefabs/Environment/Corridors/Wall_Straight_02.prefab using Guid(c013316754088b1449bccb219da41401) Importer(815301076,1909f56bfc062723c751e8b465ee728b)  -> (artifact id: 'c528ba9f0c1a75b89c711de2c5b2ddd2') in 0.010310 seconds 
  Import took 0.012839 seconds .

========================================================================
Received Import Request.
  Time since last request: 0.000141 seconds.
  path: Assets/Prefabs/Environment/Corridors/Wall_Straight_Exterior_02.prefab
  artifactKey: Guid(58d816ba5e386644e8997f9e70931507) Importer(815301076,1909f56bfc062723c751e8b465ee728b)
Start importing Assets/Prefabs/Environment/Corridors/Wall_Straight_Exterior_02.prefab using Guid(58d816ba5e386644e8997f9e70931507) Importer(815301076,1909f56bfc062723c751e8b465ee728b)  -> (artifact id: '929f337ff9600503b61942f992129dbb') in 0.010335 seconds 
  Import took 0.012726 seconds .

========================================================================
Received Import Request.
  Time since last request: 0.000142 seconds.
  path: Assets/Animation/Animation/Ghost@Shower.fbx
  artifactKey: Guid(4c7b6999390a2c24498d13e4084b200f) Importer(815301076,1909f56bfc062723c751e8b465ee728b)
Start importing Assets/Animation/Animation/Ghost@Shower.fbx using Guid(4c7b6999390a2c24498d13e4084b200f) Importer(815301076,1909f56bfc062723c751e8b465ee728b)  -> (artifact id: '7f0dfc97560b63f2de7bcc311c4d68c7') in 0.053170 seconds 
  Import took 0.055670 seconds .

========================================================================
Received Import Request.
  Time since last request: 0.000151 seconds.
  path: Assets/Models/Corridor/Wall_Straight_Exterior_04.fbx
  artifactKey: Guid(cb016b5198f6c0f488522ffdfe7f2cd0) Importer(815301076,1909f56bfc062723c751e8b465ee728b)
Start importing Assets/Models/Corridor/Wall_Straight_Exterior_04.fbx using Guid(cb016b5198f6c0f488522ffdfe7f2cd0) Importer(815301076,1909f56bfc062723c751e8b465ee728b)  -> (artifact id: '17e2c2ae4b0215d8ac9b32f372e730d4') in 0.013941 seconds 
  Import took 0.016320 seconds .

========================================================================
Received Import Request.
  Time since last request: 0.000135 seconds.
  path: Assets/Textures/DiningRoom/Wall_Diningroom_MetallicSmooth.tif
  artifactKey: Guid(764b14171f2beee4ca1a52714b902fab) Importer(815301076,1909f56bfc062723c751e8b465ee728b)
Start importing Assets/Textures/DiningRoom/Wall_Diningroom_MetallicSmooth.tif using Guid(764b14171f2beee4ca1a52714b902fab) Importer(815301076,1909f56bfc062723c751e8b465ee728b)  -> (artifact id: '08a1fd869cc8db394a286eb5ac95e96a') in 0.005739 seconds 
  Import took 0.008008 seconds .

========================================================================
Received Import Request.
  Time since last request: 0.000140 seconds.
  path: Assets/Textures/BedRoom/Wall_Bedroom_Occlusion.tif
  artifactKey: Guid(4fb46e6004800a041b402ee8dba3a9b0) Importer(815301076,1909f56bfc062723c751e8b465ee728b)
Start importing Assets/Textures/BedRoom/Wall_Bedroom_Occlusion.tif using Guid(4fb46e6004800a041b402ee8dba3a9b0) Importer(815301076,1909f56bfc062723c751e8b465ee728b)  -> (artifact id: '765220015c3c1b1eaeef1e6829108cbb') in 0.006110 seconds 
  Import took 0.008233 seconds .

========================================================================
Received Import Request.
  Time since last request: 0.000136 seconds.
  path: Assets/Textures/Corridor/Wall_Corridor_MetallicSmooth.tif
  artifactKey: Guid(ba80831ff9ffb924f96dde6223f6fa8f) Importer(815301076,1909f56bfc062723c751e8b465ee728b)
Start importing Assets/Textures/Corridor/Wall_Corridor_MetallicSmooth.tif using Guid(ba80831ff9ffb924f96dde6223f6fa8f) Importer(815301076,1909f56bfc062723c751e8b465ee728b)  -> (artifact id: 'a4c7ba0e0196dde0c6a049ad02416ae9') in 0.005365 seconds 
  Import took 0.007623 seconds .

========================================================================
Received Import Request.
  Time since last request: 0.000135 seconds.
  path: Assets/Textures/DiningRoom/Wall_DiningRoom_Normal.tif
  artifactKey: Guid(30d20fb44948f544cbba410e71b40c69) Importer(815301076,1909f56bfc062723c751e8b465ee728b)
Start importing Assets/Textures/DiningRoom/Wall_DiningRoom_Normal.tif using Guid(30d20fb44948f544cbba410e71b40c69) Importer(815301076,1909f56bfc062723c751e8b465ee728b)  -> (artifact id: '10292e3c65cfa8ab5be98e8c9215fd83') in 0.005663 seconds 
  Import took 0.008059 seconds .

========================================================================
Received Import Request.
  Time since last request: 0.000135 seconds.
  path: Assets/Textures/Corridor/Wall_Corridor_Normal.tif
  artifactKey: Guid(f4292c2b9fae94f4183427d0db23330d) Importer(815301076,1909f56bfc062723c751e8b465ee728b)
Start importing Assets/Textures/Corridor/Wall_Corridor_Normal.tif using Guid(f4292c2b9fae94f4183427d0db23330d) Importer(815301076,1909f56bfc062723c751e8b465ee728b)  -> (artifact id: 'bb9b72544c1e58552a95d8e685fd2615') in 0.006076 seconds 
  Import took 0.008251 seconds .

========================================================================
Received Import Request.
  Time since last request: 0.000152 seconds.
  path: Assets/Materials/BedRoom/Wall_Bedroom.mat
  artifactKey: Guid(a1d7f57e6086c9a4bb159a2e0cfb2228) Importer(815301076,1909f56bfc062723c751e8b465ee728b)
Start importing Assets/Materials/BedRoom/Wall_Bedroom.mat using Guid(a1d7f57e6086c9a4bb159a2e0cfb2228) Importer(815301076,1909f56bfc062723c751e8b465ee728b)  -> (artifact id: '9da062979fbdabcc332e839c793be72e') in 0.013036 seconds 
  Import took 0.015449 seconds .

========================================================================
Received Import Request.
  Time since last request: 0.000133 seconds.
  path: Assets/Textures/VFX/wispySmoke.tif
  artifactKey: Guid(b96c69e599825d84e985962673d1679c) Importer(815301076,1909f56bfc062723c751e8b465ee728b)
Start importing Assets/Textures/VFX/wispySmoke.tif using Guid(b96c69e599825d84e985962673d1679c) Importer(815301076,1909f56bfc062723c751e8b465ee728b)  -> (artifact id: 'c2c2a5f63c3c894ede4fa4aa97d31191') in 0.007146 seconds 
  Import took 0.009523 seconds .

========================================================================
Received Import Request.
  Time since last request: 0.000147 seconds.
  path: Assets/Prefabs/Environment/Corridors/Wall_Window_02.prefab
  artifactKey: Guid(962c5f6cf906ba8459778725994343f5) Importer(815301076,1909f56bfc062723c751e8b465ee728b)
Start importing Assets/Prefabs/Environment/Corridors/Wall_Window_02.prefab using Guid(962c5f6cf906ba8459778725994343f5) Importer(815301076,1909f56bfc062723c751e8b465ee728b)  -> (artifact id: '2251ff4f4635c752f0b2bfc1025fcc98') in 0.015152 seconds 
  Import took 0.017653 seconds .

========================================================================
Received Import Request.
  Time since last request: 0.000141 seconds.
  path: Assets/Prefabs/Environment/Corridors/Wall_Straight_Exterior_04.prefab
  artifactKey: Guid(fe38739420c917b45aa10d806da6344b) Importer(815301076,1909f56bfc062723c751e8b465ee728b)
Start importing Assets/Prefabs/Environment/Corridors/Wall_Straight_Exterior_04.prefab using Guid(fe38739420c917b45aa10d806da6344b) Importer(815301076,1909f56bfc062723c751e8b465ee728b)  -> (artifact id: 'fcf380c8e7895d80eaab0dd601823e62') in 0.010142 seconds 
  Import took 0.012518 seconds .

========================================================================
Received Import Request.
  Time since last request: 0.000136 seconds.
  path: Assets/Prefabs/VFX/Shower.prefab
  artifactKey: Guid(3d19250bdd4e0df4c8da855e85a8d70b) Importer(815301076,1909f56bfc062723c751e8b465ee728b)
Start importing Assets/Prefabs/VFX/Shower.prefab using Guid(3d19250bdd4e0df4c8da855e85a8d70b) Importer(815301076,1909f56bfc062723c751e8b465ee728b)  -> (artifact id: '0bd12c659f61d064fc3e5a6f645a2f8d') in 1.259104 seconds 
  Import took 1.261615 seconds .

========================================================================
Received Import Request.
  Time since last request: 0.000139 seconds.
  path: Assets/Prefabs/Environment/Corridors/Wall_Window_01.prefab
  artifactKey: Guid(fca350f99b41b0845b466df4bb285fa6) Importer(815301076,1909f56bfc062723c751e8b465ee728b)
Start importing Assets/Prefabs/Environment/Corridors/Wall_Window_01.prefab using Guid(fca350f99b41b0845b466df4bb285fa6) Importer(815301076,1909f56bfc062723c751e8b465ee728b)  -> (artifact id: 'b3aefc98cdd96090e36ad9b742558c91') in 0.018767 seconds 
  Import took 0.021324 seconds .

========================================================================
Received Import Request.
  Time since last request: 0.000150 seconds.
  path: Assets/Textures/Corridor/Window_Occlusion.tif
  artifactKey: Guid(a7b016836ddb1f54cb67ce567d4995b8) Importer(815301076,1909f56bfc062723c751e8b465ee728b)
Start importing Assets/Textures/Corridor/Window_Occlusion.tif using Guid(a7b016836ddb1f54cb67ce567d4995b8) Importer(815301076,1909f56bfc062723c751e8b465ee728b)  -> (artifact id: '0da85b28732a66a3a332fb2bbe748a81') in 0.005128 seconds 
  Import took 0.007352 seconds .

========================================================================
Received Import Request.
  Time since last request: 0.000138 seconds.
  path: Assets/Models/Corridor/Wall_Window_01.fbx
  artifactKey: Guid(2ab013d357382c5429b04e925bca86c9) Importer(815301076,1909f56bfc062723c751e8b465ee728b)
Start importing Assets/Models/Corridor/Wall_Window_01.fbx using Guid(2ab013d357382c5429b04e925bca86c9) Importer(815301076,1909f56bfc062723c751e8b465ee728b)  -> (artifact id: '38087e664c3836e5dbad43dcdda7dd7e') in 0.021087 seconds 
  Import took 0.023510 seconds .

========================================================================
Received Import Request.
  Time since last request: 0.000139 seconds.
  path: Assets/Models/Corridor/Wall_Straight_02.fbx
  artifactKey: Guid(241f3dc7f2ed74d40a90ce43df5e2f23) Importer(815301076,1909f56bfc062723c751e8b465ee728b)
Start importing Assets/Models/Corridor/Wall_Straight_02.fbx using Guid(241f3dc7f2ed74d40a90ce43df5e2f23) Importer(815301076,1909f56bfc062723c751e8b465ee728b)  -> (artifact id: '33740a483c8447c8740189dd338e1925') in 0.024053 seconds 
  Import took 0.026629 seconds .

========================================================================
Received Import Request.
  Time since last request: 0.000138 seconds.
  path: Assets/Textures/BedRoom/Wall_Bedroom_MetallicSmooth.tif
  artifactKey: Guid(1851897a7b3cb3b40b51ccea727ee4c6) Importer(815301076,1909f56bfc062723c751e8b465ee728b)
Start importing Assets/Textures/BedRoom/Wall_Bedroom_MetallicSmooth.tif using Guid(1851897a7b3cb3b40b51ccea727ee4c6) Importer(815301076,1909f56bfc062723c751e8b465ee728b)  -> (artifact id: '04b296e401fdc817516bdc1ab63c77d0') in 0.006040 seconds 
  Import took 0.008489 seconds .

========================================================================
Received Import Request.
  Time since last request: 0.000153 seconds.
  path: Assets/Textures/BathRoom/Wall_Bathroom_Albedo.tif
  artifactKey: Guid(09664c153c68ab947b77deba659408dd) Importer(815301076,1909f56bfc062723c751e8b465ee728b)
Start importing Assets/Textures/BathRoom/Wall_Bathroom_Albedo.tif using Guid(09664c153c68ab947b77deba659408dd) Importer(815301076,1909f56bfc062723c751e8b465ee728b)  -> (artifact id: '684ff25416c8c58c2b8be78ea79c2310') in 0.006565 seconds 
  Import took 0.008883 seconds .

========================================================================
Received Import Request.
  Time since last request: 0.000153 seconds.
  path: Assets/Models/Diningroom/Chair_02.FBX
  artifactKey: Guid(7fbca1f8946feba469173212be97dd0a) Importer(815301076,1909f56bfc062723c751e8b465ee728b)
Start importing Assets/Models/Diningroom/Chair_02.FBX using Guid(7fbca1f8946feba469173212be97dd0a) Importer(815301076,1909f56bfc062723c751e8b465ee728b)  -> (artifact id: '5f4088bc7927672cb92d865c02788ab8') in 0.012431 seconds 
  Import took 0.014913 seconds .

========================================================================
Received Import Request.
  Time since last request: 0.000148 seconds.
  path: Assets/Textures/BedRoom/Wardrobe_albedo.tif
  artifactKey: Guid(e653a8a1f5ca96f499435e1722a44e44) Importer(815301076,1909f56bfc062723c751e8b465ee728b)
Start importing Assets/Textures/BedRoom/Wardrobe_albedo.tif using Guid(e653a8a1f5ca96f499435e1722a44e44) Importer(815301076,1909f56bfc062723c751e8b465ee728b)  -> (artifact id: '89315829793d19b4e46a384d062e829e') in 0.005089 seconds 
  Import took 0.007450 seconds .

========================================================================
Received Import Request.
  Time since last request: 0.000140 seconds.
  path: Assets/Textures/BathRoom/Wall_Bathroom_Normal.tif
  artifactKey: Guid(56cd7d94e42eb12438f1cdbf457dd4de) Importer(815301076,1909f56bfc062723c751e8b465ee728b)
Start importing Assets/Textures/BathRoom/Wall_Bathroom_Normal.tif using Guid(56cd7d94e42eb12438f1cdbf457dd4de) Importer(815301076,1909f56bfc062723c751e8b465ee728b)  -> (artifact id: '17214a61d8776de88ac2f443ad5b1582') in 0.007059 seconds 
  Import took 0.009508 seconds .

========================================================================
Received Import Request.
  Time since last request: 0.000144 seconds.
  path: Assets/Animation/Animation/Ghost@Walk.fbx
  artifactKey: Guid(2017cad317b564c409a9e5bd02341461) Importer(815301076,1909f56bfc062723c751e8b465ee728b)
Start importing Assets/Animation/Animation/Ghost@Walk.fbx using Guid(2017cad317b564c409a9e5bd02341461) Importer(815301076,1909f56bfc062723c751e8b465ee728b)  -> (artifact id: 'c755cfa88db780290fc7b545ee3a5d04') in 0.015745 seconds 
  Import took 0.018356 seconds .

========================================================================
Received Import Request.
  Time since last request: 0.000141 seconds.
  path: Assets/Models/Bedroom/Wardrobe.fbx
  artifactKey: Guid(0d1a084dedf18a344a48599b075521ec) Importer(815301076,1909f56bfc062723c751e8b465ee728b)
Start importing Assets/Models/Bedroom/Wardrobe.fbx using Guid(0d1a084dedf18a344a48599b075521ec) Importer(815301076,1909f56bfc062723c751e8b465ee728b)  -> (artifact id: 'f1cf049bd0a428e0270e834c41fc5417') in 0.013674 seconds 
  Import took 0.016431 seconds .

========================================================================
Received Import Request.
  Time since last request: 0.000137 seconds.
  path: Assets/Textures/BedRoom/Wall_Bedroom_Albedo.tif
  artifactKey: Guid(dfc4afa012e49ff46b46da3e6572b712) Importer(815301076,1909f56bfc062723c751e8b465ee728b)
Start importing Assets/Textures/BedRoom/Wall_Bedroom_Albedo.tif using Guid(dfc4afa012e49ff46b46da3e6572b712) Importer(815301076,1909f56bfc062723c751e8b465ee728b)  -> (artifact id: '199f8d679ba31c3e49a69fecaf08e1b4') in 0.005283 seconds 
  Import took 0.007530 seconds .

========================================================================
Received Import Request.
  Time since last request: 0.000138 seconds.
  path: Assets/Materials/Bathroom/Wall_Bathroom.mat
  artifactKey: Guid(785750043eaf5004da3d0b54f39941c1) Importer(815301076,1909f56bfc062723c751e8b465ee728b)
Start importing Assets/Materials/Bathroom/Wall_Bathroom.mat using Guid(785750043eaf5004da3d0b54f39941c1) Importer(815301076,1909f56bfc062723c751e8b465ee728b)  -> (artifact id: '2d705ce9c21d7d144ca5e4bf181a22f6') in 0.009305 seconds 
  Import took 0.011628 seconds .

========================================================================
Received Import Request.
  Time since last request: 0.000156 seconds.
  path: Assets/Prefabs/Environment/Corridors/Wall_Straight_Exterior_03.prefab
  artifactKey: Guid(9aa36451a9a7f5148849a5de98e47e9e) Importer(815301076,1909f56bfc062723c751e8b465ee728b)
Start importing Assets/Prefabs/Environment/Corridors/Wall_Straight_Exterior_03.prefab using Guid(9aa36451a9a7f5148849a5de98e47e9e) Importer(815301076,1909f56bfc062723c751e8b465ee728b)  -> (artifact id: 'd91c5b0c9c360427e29ef19a05193eb3') in 0.010370 seconds 
  Import took 0.012865 seconds .

========================================================================
Received Import Request.
  Time since last request: 0.000136 seconds.
  path: Assets/Textures/BedRoom/Wardrobe_metallic.tif
  artifactKey: Guid(588c69a3b434c3f4b8fabcd84f20e965) Importer(815301076,1909f56bfc062723c751e8b465ee728b)
Start importing Assets/Textures/BedRoom/Wardrobe_metallic.tif using Guid(588c69a3b434c3f4b8fabcd84f20e965) Importer(815301076,1909f56bfc062723c751e8b465ee728b)  -> (artifact id: '8d81f416d8f0f4e2da5e11153808e12b') in 0.006103 seconds 
  Import took 0.008513 seconds .

========================================================================
Received Import Request.
  Time since last request: 0.000163 seconds.
  path: Assets/Models/Corridor/Wall_Straight_Exterior_01.fbx
  artifactKey: Guid(1d270d22136a7e64eabcf39aaaedb613) Importer(815301076,1909f56bfc062723c751e8b465ee728b)
Start importing Assets/Models/Corridor/Wall_Straight_Exterior_01.fbx using Guid(1d270d22136a7e64eabcf39aaaedb613) Importer(815301076,1909f56bfc062723c751e8b465ee728b)  -> (artifact id: 'b1921d2ab5b4acd0698be56bd1779541') in 0.013539 seconds 
  Import took 0.015948 seconds .

========================================================================
Received Import Request.
  Time since last request: 0.000131 seconds.
  path: Assets/Models/Corridor/Wall_Proto.fbx
  artifactKey: Guid(b65c279af989311408555e47592fb528) Importer(815301076,1909f56bfc062723c751e8b465ee728b)
Start importing Assets/Models/Corridor/Wall_Proto.fbx using Guid(b65c279af989311408555e47592fb528) Importer(815301076,1909f56bfc062723c751e8b465ee728b)  -> (artifact id: 'e42f7ee175fb6e395d6a97311953c2e2') in 0.015028 seconds 
  Import took 0.017545 seconds .

========================================================================
Received Import Request.
  Time since last request: 0.000156 seconds.
  path: Assets/Materials/Corridor/Wall_Corridor.mat
  artifactKey: Guid(b6a0ac0240204cb4ea4b84d1e2dab2b5) Importer(815301076,1909f56bfc062723c751e8b465ee728b)
Start importing Assets/Materials/Corridor/Wall_Corridor.mat using Guid(b6a0ac0240204cb4ea4b84d1e2dab2b5) Importer(815301076,1909f56bfc062723c751e8b465ee728b)  -> (artifact id: 'b6254c4c17b737e6c1811d5a1153155d') in 0.010288 seconds 
  Import took 0.012750 seconds .

========================================================================
Received Import Request.
  Time since last request: 0.000145 seconds.
  path: Assets/Textures/BathRoom/Wall_Bathroom_MetallicSmooth.tif
  artifactKey: Guid(c347cde124f07b3458f80c005e7bca31) Importer(815301076,1909f56bfc062723c751e8b465ee728b)
Start importing Assets/Textures/BathRoom/Wall_Bathroom_MetallicSmooth.tif using Guid(c347cde124f07b3458f80c005e7bca31) Importer(815301076,1909f56bfc062723c751e8b465ee728b)  -> (artifact id: 'b4e7d2d5d9616af4e8f0c3513c9f4f57') in 0.006590 seconds 
  Import took 0.008933 seconds .

========================================================================
Received Import Request.
  Time since last request: 0.000134 seconds.
  path: Assets/Materials/Corridor/Window.mat
  artifactKey: Guid(5d7f4ca07121e414288c4908a4803bed) Importer(815301076,1909f56bfc062723c751e8b465ee728b)
Start importing Assets/Materials/Corridor/Window.mat using Guid(5d7f4ca07121e414288c4908a4803bed) Importer(815301076,1909f56bfc062723c751e8b465ee728b)  -> (artifact id: '3155e62b61d5bc1aa8347180b242f986') in 0.009819 seconds 
  Import took 0.012159 seconds .

========================================================================
Received Import Request.
  Time since last request: 0.000134 seconds.
  path: Assets/Prefabs/Environment/Corridors/Wall_Corner_Exterior_Out.prefab
  artifactKey: Guid(c47f1a83b147ec342a2b5976fcfcdb01) Importer(815301076,1909f56bfc062723c751e8b465ee728b)
Start importing Assets/Prefabs/Environment/Corridors/Wall_Corner_Exterior_Out.prefab using Guid(c47f1a83b147ec342a2b5976fcfcdb01) Importer(815301076,1909f56bfc062723c751e8b465ee728b)  -> (artifact id: '19708da8f9db8f788f7626f61dd2430d') in 0.010762 seconds 
  Import took 0.013155 seconds .

========================================================================
Received Import Request.
  Time since last request: 0.000137 seconds.
  path: Assets/Models/Diningroom/Clock.FBX
  artifactKey: Guid(91811fda631823c49b536c0b67dfec68) Importer(815301076,1909f56bfc062723c751e8b465ee728b)
Start importing Assets/Models/Diningroom/Clock.FBX using Guid(91811fda631823c49b536c0b67dfec68) Importer(815301076,1909f56bfc062723c751e8b465ee728b)  -> (artifact id: '39fd50f7a107d9d1d04a583ae5bef31c') in 0.016820 seconds 
  Import took 0.019207 seconds .

========================================================================
Received Import Request.
  Time since last request: 0.000139 seconds.
  path: Assets/Animation/Animation/John@Walk.fbx
  artifactKey: Guid(da1625e6a723d1745a6ba7f6565a130f) Importer(815301076,1909f56bfc062723c751e8b465ee728b)
Start importing Assets/Animation/Animation/John@Walk.fbx using Guid(da1625e6a723d1745a6ba7f6565a130f) Importer(815301076,1909f56bfc062723c751e8b465ee728b)  -> (artifact id: 'db7341da7fa0ddcfcefb432af03c1096') in 0.018509 seconds 
  Import took 0.020957 seconds .

========================================================================
Received Import Request.
  Time since last request: 0.000144 seconds.
  path: Assets/Textures/DiningRoom/Wall_Diningroom_Occlusion.tif
  artifactKey: Guid(1b7d918996695fd4c9550fd74e3b26d0) Importer(815301076,1909f56bfc062723c751e8b465ee728b)
Start importing Assets/Textures/DiningRoom/Wall_Diningroom_Occlusion.tif using Guid(1b7d918996695fd4c9550fd74e3b26d0) Importer(815301076,1909f56bfc062723c751e8b465ee728b)  -> (artifact id: '603ba241467c6a982adc2d0d03b74524') in 0.006178 seconds 
  Import took 0.008477 seconds .

========================================================================
Received Import Request.
  Time since last request: 0.000139 seconds.
  path: Assets/Prefabs/Environment/Corridors/Wall_Straight_Exterior_01.prefab
  artifactKey: Guid(e8b57bf1aa0bc904386562ebc4602661) Importer(815301076,1909f56bfc062723c751e8b465ee728b)
Start importing Assets/Prefabs/Environment/Corridors/Wall_Straight_Exterior_01.prefab using Guid(e8b57bf1aa0bc904386562ebc4602661) Importer(815301076,1909f56bfc062723c751e8b465ee728b)  -> (artifact id: 'f53d85b50063f9a5897137cce5b976e6') in 0.010505 seconds 
  Import took 0.012899 seconds .

========================================================================
Received Import Request.
  Time since last request: 0.000143 seconds.
  path: Assets/Textures/Corridor/Window_Normal.tif
  artifactKey: Guid(3773c8801f57fbc4fbf0fe19ef4d83f6) Importer(815301076,1909f56bfc062723c751e8b465ee728b)
Start importing Assets/Textures/Corridor/Window_Normal.tif using Guid(3773c8801f57fbc4fbf0fe19ef4d83f6) Importer(815301076,1909f56bfc062723c751e8b465ee728b)  -> (artifact id: 'dec1cb4e419178c8cece02a1469ce599') in 0.005787 seconds 
  Import took 0.008266 seconds .

========================================================================
Received Import Request.
  Time since last request: 0.000150 seconds.
  path: Assets/Prefabs/Environment/Corridors/Wall_Corner_Interior.prefab
  artifactKey: Guid(5a088a5f9e886a64b90e23ed9d048b4f) Importer(815301076,1909f56bfc062723c751e8b465ee728b)
Start importing Assets/Prefabs/Environment/Corridors/Wall_Corner_Interior.prefab using Guid(5a088a5f9e886a64b90e23ed9d048b4f) Importer(815301076,1909f56bfc062723c751e8b465ee728b)  -> (artifact id: '6d0601f804bd320fe0f3342c5b57451b') in 0.010415 seconds 
  Import took 0.012900 seconds .

========================================================================
Received Import Request.
  Time since last request: 0.000138 seconds.
  path: Assets/Models/Corridor/Wall_Straight_01.fbx
  artifactKey: Guid(ca04dfc6bbf3c2e4a9601d58495fff52) Importer(815301076,1909f56bfc062723c751e8b465ee728b)
Start importing Assets/Models/Corridor/Wall_Straight_01.fbx using Guid(ca04dfc6bbf3c2e4a9601d58495fff52) Importer(815301076,1909f56bfc062723c751e8b465ee728b)  -> (artifact id: '2044e0bd97213765e652e2d1d3e774e1') in 0.017985 seconds 
  Import took 0.020443 seconds .

========================================================================
Received Import Request.
  Time since last request: 0.000133 seconds.
  path: Assets/Textures/Corridor/Wall_Corridor_Albedo.tif
  artifactKey: Guid(1207488b81bf4104cac3f5e1e4d8e653) Importer(815301076,1909f56bfc062723c751e8b465ee728b)
Start importing Assets/Textures/Corridor/Wall_Corridor_Albedo.tif using Guid(1207488b81bf4104cac3f5e1e4d8e653) Importer(815301076,1909f56bfc062723c751e8b465ee728b)  -> (artifact id: 'a3c56597dd72d7a991d59cfbb1c8bf48') in 0.005245 seconds 
  Import took 0.007404 seconds .

========================================================================
Received Import Request.
  Time since last request: 0.000137 seconds.
  path: Assets/Prefabs/Environment/Bedroom/Wardrobe.prefab
  artifactKey: Guid(1f2baa001e967a24fa7e0722636120b0) Importer(815301076,1909f56bfc062723c751e8b465ee728b)
Start importing Assets/Prefabs/Environment/Bedroom/Wardrobe.prefab using Guid(1f2baa001e967a24fa7e0722636120b0) Importer(815301076,1909f56bfc062723c751e8b465ee728b)  -> (artifact id: '6c29af756d778fe6ed5f71e80a095f83') in 0.008296 seconds 
  Import took 0.010568 seconds .

========================================================================
Received Import Request.
  Time since last request: 0.000135 seconds.
  path: Assets/Materials/Bathroom/Walls.mat
  artifactKey: Guid(9dab67fd89e742e45a9d885d6e1e14a2) Importer(815301076,1909f56bfc062723c751e8b465ee728b)
Start importing Assets/Materials/Bathroom/Walls.mat using Guid(9dab67fd89e742e45a9d885d6e1e14a2) Importer(815301076,1909f56bfc062723c751e8b465ee728b)  -> (artifact id: '8d8d7c3a8d702771806b7b0414764aec') in 0.010515 seconds 
  Import took 0.012864 seconds .

========================================================================
Received Prepare
Registering precompiled user dll's ...
Registered in 0.007490 seconds.
Begin MonoManager ReloadAssembly
Native extension for OSXStandalone target not found
Refreshing native plugins compatible for Editor in 0.47 ms, found 2 plugins.
Preloading 0 native plugins for Editor in 0.00 ms.
Mono: successfully reloaded assembly
- Completed reload, in  0.996 seconds
Domain Reload Profiling:
	ReloadAssembly (996ms)
		BeginReloadAssembly (147ms)
			ExecutionOrderSort (0ms)
			DisableScriptedObjects (5ms)
			BackupInstance (0ms)
			ReleaseScriptingObjects (0ms)
			CreateAndSetChildDomain (49ms)
		EndReloadAssembly (796ms)
			LoadAssemblies (126ms)
			RebuildTransferFunctionScriptingTraits (0ms)
			SetupTypeCache (280ms)
			ReleaseScriptCaches (1ms)
			RebuildScriptCaches (41ms)
			SetupLoadedEditorAssemblies (272ms)
				LogAssemblyErrors (0ms)
				InitializePlatformSupportModulesInManaged (3ms)
				SetLoadedEditorAssemblies (0ms)
				RefreshPlugins (0ms)
				BeforeProcessingInitializeOnLoad (79ms)
				ProcessInitializeOnLoadAttributes (178ms)
				ProcessInitializeOnLoadMethodAttributes (9ms)
				AfterProcessingInitializeOnLoad (1ms)
				EditorAssembliesLoaded (0ms)
			ExecutionOrderSort2 (0ms)
			AwakeInstancesAfterBackupRestoration (6ms)
Platform modules already initialized, skipping
Refreshing native plugins compatible for Editor in 0.47 ms, found 2 plugins.
Preloading 0 native plugins for Editor in 0.00 ms.
Unloading 1972 Unused Serialized files (Serialized files now loaded: 0)
System memory in use before: 304.1 MB.
System memory in use after: 304.2 MB.

Unloading 38 unused Assets to reduce memory usage. Loaded Objects now: 2535.
Total: 2.323666 ms (FindLiveObjects: 0.127373 ms CreateObjectMapping: 0.060166 ms MarkObjects: 2.120055 ms  DeleteObjects: 0.015470 ms)

AssetImportParameters requested are different than current active one (requested -> active):
  custom:video-decoder-ogg-theora: a1e56fd34408186e4bbccfd4996cb3dc -> 
  custom:container-muxer-webm: aa71ff27fc2769a1b78a27578f13a17b -> 
  custom:container-demuxer-webm: 4f35f7cbe854078d1ac9338744f61a02 -> 
  custom:container-demuxer-ogg: 62fdf1f143b41e24485cea50d1cbac27 -> 
  custom:video-encoder-webm-vp8: eb34c28f22e8b96e1ab97ce403110664 -> 
  custom:framework-osx-AVFoundation: e770b220cccbd017edd2c1fefb359320 -> 
  custom:video-decoder-webm-vp8: 9c59270c3fd7afecdb556c50c9e8de78 -> 
  custom:audio-decoder-ogg-vorbis: bf7c407c2cedff20999df2af8eb42d56 -> 
  custom:audio-encoder-webm-vorbis: bf7c407c2cedff20999df2af8eb42d56 -> 
========================================================================
Received Prepare
Registering precompiled user dll's ...
Registered in 0.008137 seconds.
Begin MonoManager ReloadAssembly
Native extension for OSXStandalone target not found
Refreshing native plugins compatible for Editor in 0.47 ms, found 2 plugins.
Preloading 0 native plugins for Editor in 0.00 ms.
Mono: successfully reloaded assembly
- Completed reload, in  1.028 seconds
Domain Reload Profiling:
	ReloadAssembly (1028ms)
		BeginReloadAssembly (160ms)
			ExecutionOrderSort (0ms)
			DisableScriptedObjects (5ms)
			BackupInstance (0ms)
			ReleaseScriptingObjects (0ms)
			CreateAndSetChildDomain (51ms)
		EndReloadAssembly (814ms)
			LoadAssemblies (136ms)
			RebuildTransferFunctionScriptingTraits (0ms)
			SetupTypeCache (282ms)
			ReleaseScriptCaches (1ms)
			RebuildScriptCaches (42ms)
			SetupLoadedEditorAssemblies (274ms)
				LogAssemblyErrors (0ms)
				InitializePlatformSupportModulesInManaged (3ms)
				SetLoadedEditorAssemblies (0ms)
				RefreshPlugins (0ms)
				BeforeProcessingInitializeOnLoad (77ms)
				ProcessInitializeOnLoadAttributes (179ms)
				ProcessInitializeOnLoadMethodAttributes (12ms)
				AfterProcessingInitializeOnLoad (1ms)
				EditorAssembliesLoaded (0ms)
			ExecutionOrderSort2 (0ms)
			AwakeInstancesAfterBackupRestoration (11ms)
Platform modules already initialized, skipping
Refreshing native plugins compatible for Editor in 0.48 ms, found 2 plugins.
Preloading 0 native plugins for Editor in 0.00 ms.
Unloading 1972 Unused Serialized files (Serialized files now loaded: 0)
System memory in use before: 305.1 MB.
System memory in use after: 305.2 MB.

Unloading 36 unused Assets to reduce memory usage. Loaded Objects now: 2548.
Total: 2.362396 ms (FindLiveObjects: 0.140503 ms CreateObjectMapping: 0.062169 ms MarkObjects: 2.144407 ms  DeleteObjects: 0.014757 ms)

AssetImportParameters requested are different than current active one (requested -> active):
  custom:video-decoder-ogg-theora: a1e56fd34408186e4bbccfd4996cb3dc -> 
  custom:container-muxer-webm: aa71ff27fc2769a1b78a27578f13a17b -> 
  custom:container-demuxer-webm: 4f35f7cbe854078d1ac9338744f61a02 -> 
  custom:container-demuxer-ogg: 62fdf1f143b41e24485cea50d1cbac27 -> 
  custom:video-encoder-webm-vp8: eb34c28f22e8b96e1ab97ce403110664 -> 
  custom:framework-osx-AVFoundation: e770b220cccbd017edd2c1fefb359320 -> 
  custom:video-decoder-webm-vp8: 9c59270c3fd7afecdb556c50c9e8de78 -> 
  custom:audio-decoder-ogg-vorbis: bf7c407c2cedff20999df2af8eb42d56 -> 
  custom:audio-encoder-webm-vorbis: bf7c407c2cedff20999df2af8eb42d56 -> 
AssetImportWorkerClient::OnTransportError - code=2 error=End of file
